09-26 17:01:01 com_github_MitjaNemec_PlaceFootprints.action_place_footprints 647:Plugin executed on: 'win32'
09-26 17:01:01 com_github_MitjaNemec_PlaceFootprints.action_place_footprints 648:Plugin executed with python version: '3.9.16 (main, May 18 2023, 07:48:16) [MSC v.1936 64 bit (AMD64)]'
09-26 17:01:01 com_github_MitjaNemec_PlaceFootprints.action_place_footprints 649:KiCad build version: 7.0.6
09-26 17:01:01 com_github_MitjaNemec_PlaceFootprints.action_place_footprints 650:Plugin version: 2.1.3
09-26 17:01:01 com_github_MitjaNemec_PlaceFootprints.action_place_footprints 651:Frame repr: <wx._core.Frame object at 0x0000021F147A3F70>
09-26 17:01:01 com_github_MitjaNemec_PlaceFootprints.place_footprints 121:getting a list of all footprints on board
09-26 17:01:01 com_github_MitjaNemec_PlaceFootprints.place_footprints 156:Footprint WS2812B32 on root level
09-26 17:01:01 com_github_MitjaNemec_PlaceFootprints.place_footprints 156:Footprint WS2812B31 on root level
09-26 17:01:01 com_github_MitjaNemec_PlaceFootprints.place_footprints 156:Footprint WS2812B30 on root level
09-26 17:01:01 com_github_MitjaNemec_PlaceFootprints.place_footprints 156:Footprint WS2812B29 on root level
09-26 17:01:01 com_github_MitjaNemec_PlaceFootprints.place_footprints 156:Footprint WS2812B28 on root level
09-26 17:01:01 com_github_MitjaNemec_PlaceFootprints.place_footprints 156:Footprint WS2812B27 on root level
09-26 17:01:01 com_github_MitjaNemec_PlaceFootprints.place_footprints 156:Footprint WS2812B26 on root level
09-26 17:01:01 com_github_MitjaNemec_PlaceFootprints.place_footprints 156:Footprint WS2812B25 on root level
09-26 17:01:01 com_github_MitjaNemec_PlaceFootprints.place_footprints 156:Footprint WS2812B24 on root level
09-26 17:01:01 com_github_MitjaNemec_PlaceFootprints.place_footprints 156:Footprint WS2812B23 on root level
09-26 17:01:01 com_github_MitjaNemec_PlaceFootprints.place_footprints 156:Footprint WS2812B22 on root level
09-26 17:01:01 com_github_MitjaNemec_PlaceFootprints.place_footprints 156:Footprint WS2812B21 on root level
09-26 17:01:01 com_github_MitjaNemec_PlaceFootprints.place_footprints 156:Footprint WS2812B20 on root level
09-26 17:01:01 com_github_MitjaNemec_PlaceFootprints.place_footprints 156:Footprint WS2812B19 on root level
09-26 17:01:01 com_github_MitjaNemec_PlaceFootprints.place_footprints 156:Footprint WS2812B18 on root level
09-26 17:01:01 com_github_MitjaNemec_PlaceFootprints.place_footprints 156:Footprint WS2812B17 on root level
09-26 17:01:01 com_github_MitjaNemec_PlaceFootprints.place_footprints 156:Footprint WS2812B16 on root level
09-26 17:01:01 com_github_MitjaNemec_PlaceFootprints.place_footprints 156:Footprint WS2812B15 on root level
09-26 17:01:01 com_github_MitjaNemec_PlaceFootprints.place_footprints 156:Footprint WS2812B14 on root level
09-26 17:01:01 com_github_MitjaNemec_PlaceFootprints.place_footprints 156:Footprint WS2812B13 on root level
09-26 17:01:01 com_github_MitjaNemec_PlaceFootprints.place_footprints 156:Footprint WS2812B12 on root level
09-26 17:01:01 com_github_MitjaNemec_PlaceFootprints.place_footprints 156:Footprint WS2812B11 on root level
09-26 17:01:01 com_github_MitjaNemec_PlaceFootprints.place_footprints 156:Footprint WS2812B10 on root level
09-26 17:01:01 com_github_MitjaNemec_PlaceFootprints.place_footprints 156:Footprint WS2812B9 on root level
09-26 17:01:01 com_github_MitjaNemec_PlaceFootprints.place_footprints 156:Footprint WS2812B8 on root level
09-26 17:01:01 com_github_MitjaNemec_PlaceFootprints.place_footprints 156:Footprint WS2812B7 on root level
09-26 17:01:01 com_github_MitjaNemec_PlaceFootprints.place_footprints 156:Footprint WS2812B6 on root level
09-26 17:01:01 com_github_MitjaNemec_PlaceFootprints.place_footprints 156:Footprint WS2812B5 on root level
09-26 17:01:01 com_github_MitjaNemec_PlaceFootprints.place_footprints 156:Footprint WS2812B4 on root level
09-26 17:01:01 com_github_MitjaNemec_PlaceFootprints.place_footprints 156:Footprint WS2812B3 on root level
09-26 17:01:01 com_github_MitjaNemec_PlaceFootprints.place_footprints 156:Footprint WS2812B2 on root level
09-26 17:01:01 com_github_MitjaNemec_PlaceFootprints.place_footprints 156:Footprint WS2812B1 on root level
09-26 17:01:01 com_github_MitjaNemec_PlaceFootprints.place_footprints 156:Footprint J1 on root level
09-26 17:01:01 com_github_MitjaNemec_PlaceFootprints.place_footprints 156:Footprint C32 on root level
09-26 17:01:01 com_github_MitjaNemec_PlaceFootprints.place_footprints 156:Footprint C31 on root level
09-26 17:01:01 com_github_MitjaNemec_PlaceFootprints.place_footprints 156:Footprint C30 on root level
09-26 17:01:01 com_github_MitjaNemec_PlaceFootprints.place_footprints 156:Footprint C29 on root level
09-26 17:01:01 com_github_MitjaNemec_PlaceFootprints.place_footprints 156:Footprint C28 on root level
09-26 17:01:01 com_github_MitjaNemec_PlaceFootprints.place_footprints 156:Footprint C27 on root level
09-26 17:01:01 com_github_MitjaNemec_PlaceFootprints.place_footprints 156:Footprint C26 on root level
09-26 17:01:01 com_github_MitjaNemec_PlaceFootprints.place_footprints 156:Footprint C25 on root level
09-26 17:01:01 com_github_MitjaNemec_PlaceFootprints.place_footprints 156:Footprint C24 on root level
09-26 17:01:01 com_github_MitjaNemec_PlaceFootprints.place_footprints 156:Footprint C23 on root level
09-26 17:01:01 com_github_MitjaNemec_PlaceFootprints.place_footprints 156:Footprint C22 on root level
09-26 17:01:01 com_github_MitjaNemec_PlaceFootprints.place_footprints 156:Footprint C21 on root level
09-26 17:01:01 com_github_MitjaNemec_PlaceFootprints.place_footprints 156:Footprint C20 on root level
09-26 17:01:01 com_github_MitjaNemec_PlaceFootprints.place_footprints 156:Footprint C19 on root level
09-26 17:01:01 com_github_MitjaNemec_PlaceFootprints.place_footprints 156:Footprint C18 on root level
09-26 17:01:01 com_github_MitjaNemec_PlaceFootprints.place_footprints 156:Footprint C17 on root level
09-26 17:01:01 com_github_MitjaNemec_PlaceFootprints.place_footprints 156:Footprint C16 on root level
09-26 17:01:01 com_github_MitjaNemec_PlaceFootprints.place_footprints 156:Footprint C15 on root level
09-26 17:01:01 com_github_MitjaNemec_PlaceFootprints.place_footprints 156:Footprint C14 on root level
09-26 17:01:01 com_github_MitjaNemec_PlaceFootprints.place_footprints 156:Footprint C13 on root level
09-26 17:01:01 com_github_MitjaNemec_PlaceFootprints.place_footprints 156:Footprint C12 on root level
09-26 17:01:01 com_github_MitjaNemec_PlaceFootprints.place_footprints 156:Footprint C11 on root level
09-26 17:01:01 com_github_MitjaNemec_PlaceFootprints.place_footprints 156:Footprint C10 on root level
09-26 17:01:01 com_github_MitjaNemec_PlaceFootprints.place_footprints 156:Footprint C9 on root level
09-26 17:01:01 com_github_MitjaNemec_PlaceFootprints.place_footprints 156:Footprint C8 on root level
09-26 17:01:01 com_github_MitjaNemec_PlaceFootprints.place_footprints 156:Footprint C7 on root level
09-26 17:01:01 com_github_MitjaNemec_PlaceFootprints.place_footprints 156:Footprint C6 on root level
09-26 17:01:01 com_github_MitjaNemec_PlaceFootprints.place_footprints 156:Footprint C5 on root level
09-26 17:01:01 com_github_MitjaNemec_PlaceFootprints.place_footprints 156:Footprint C4 on root level
09-26 17:01:01 com_github_MitjaNemec_PlaceFootprints.place_footprints 156:Footprint C3 on root level
09-26 17:01:01 com_github_MitjaNemec_PlaceFootprints.place_footprints 156:Footprint C2 on root level
09-26 17:01:01 com_github_MitjaNemec_PlaceFootprints.place_footprints 156:Footprint C1 on root level
09-26 17:01:02 com_github_MitjaNemec_PlaceFootprints.action_place_footprints 830:Reference designator is: C
09-26 17:01:02 com_github_MitjaNemec_PlaceFootprints.action_place_footprints 831:Reference number is: 1
09-26 17:01:02 com_github_MitjaNemec_PlaceFootprints.action_place_footprints 863:Sorted and filtered list:
['C1', 'C2', 'C3', 'C4', 'C5', 'C6', 'C7', 'C8', 'C9', 'C10', 'C11', 'C12', 'C13', 'C14', 'C15', 'C16', 'C17', 'C18', 'C19', 'C20', 'C21', 'C22', 'C23', 'C24', 'C25', 'C26', 'C27', 'C28', 'C29', 'C30', 'C31', 'C32']
09-26 17:01:03 com_github_MitjaNemec_PlaceFootprints.action_place_footprints 359:wx.Colour(240, 240, 240, 255)
09-26 17:01:05 com_github_MitjaNemec_PlaceFootprints.action_place_footprints 490:'42.5'
09-26 17:01:05 com_github_MitjaNemec_PlaceFootprints.action_place_footprints 542:Preparing config for reference circular
09-26 17:01:05 com_github_MitjaNemec_PlaceFootprints.action_place_footprints 556:Saving config file
09-26 17:01:05 com_github_MitjaNemec_PlaceFootprints.action_place_footprints 558:Saved the config file
09-26 17:01:05 com_github_MitjaNemec_PlaceFootprints.action_place_footprints 901:Footprints to place:
['C1', 'C2', 'C3', 'C4', 'C5', 'C6', 'C7', 'C8', 'C9', 'C10', 'C11', 'C12', 'C13', 'C14', 'C15', 'C16', 'C17', 'C18', 'C19', 'C20', 'C21', 'C22', 'C23', 'C24', 'C25', 'C26', 'C27', 'C28', 'C29', 'C30', 'C31', 'C32']
09-26 17:01:05 com_github_MitjaNemec_PlaceFootprints.place_footprints 330:Starting placing with circular layout
09-26 17:01:05 com_github_MitjaNemec_PlaceFootprints.place_footprints 340:reference footprint position at: VECTOR2I(114600000, 49500000)
09-26 17:01:05 com_github_MitjaNemec_PlaceFootprints.place_footprints 345:rotation center at: (114600000, 92000000.0)
09-26 17:01:05 com_github_MitjaNemec_PlaceFootprints.place_footprints 450:Text of: C1 has property "Keep upright" rotation might not look as intended
09-26 17:01:05 com_github_MitjaNemec_PlaceFootprints.place_footprints 450:Text of: C1 has property "Keep upright" rotation might not look as intended
09-26 17:01:05 com_github_MitjaNemec_PlaceFootprints.place_footprints 450:Text of: C1 has property "Keep upright" rotation might not look as intended
09-26 17:01:05 com_github_MitjaNemec_PlaceFootprints.place_footprints 450:Text of: C1 has property "Keep upright" rotation might not look as intended
09-26 17:01:05 com_github_MitjaNemec_PlaceFootprints.place_footprints 450:Text of: C1 has property "Keep upright" rotation might not look as intended
09-26 17:01:05 com_github_MitjaNemec_PlaceFootprints.place_footprints 450:Text of: C1 has property "Keep upright" rotation might not look as intended
09-26 17:01:05 com_github_MitjaNemec_PlaceFootprints.place_footprints 450:Text of: C1 has property "Keep upright" rotation might not look as intended
09-26 17:01:05 com_github_MitjaNemec_PlaceFootprints.place_footprints 450:Text of: C1 has property "Keep upright" rotation might not look as intended
09-26 17:01:05 com_github_MitjaNemec_PlaceFootprints.place_footprints 450:Text of: C1 has property "Keep upright" rotation might not look as intended
09-26 17:01:05 com_github_MitjaNemec_PlaceFootprints.place_footprints 450:Text of: C1 has property "Keep upright" rotation might not look as intended
09-26 17:01:05 com_github_MitjaNemec_PlaceFootprints.place_footprints 450:Text of: C1 has property "Keep upright" rotation might not look as intended
09-26 17:01:05 com_github_MitjaNemec_PlaceFootprints.place_footprints 450:Text of: C1 has property "Keep upright" rotation might not look as intended
09-26 17:01:05 com_github_MitjaNemec_PlaceFootprints.place_footprints 450:Text of: C1 has property "Keep upright" rotation might not look as intended
09-26 17:01:05 com_github_MitjaNemec_PlaceFootprints.place_footprints 450:Text of: C1 has property "Keep upright" rotation might not look as intended
09-26 17:01:05 com_github_MitjaNemec_PlaceFootprints.place_footprints 450:Text of: C1 has property "Keep upright" rotation might not look as intended
09-26 17:01:05 com_github_MitjaNemec_PlaceFootprints.place_footprints 450:Text of: C1 has property "Keep upright" rotation might not look as intended
09-26 17:01:05 com_github_MitjaNemec_PlaceFootprints.place_footprints 450:Text of: C1 has property "Keep upright" rotation might not look as intended
09-26 17:01:05 com_github_MitjaNemec_PlaceFootprints.place_footprints 450:Text of: C1 has property "Keep upright" rotation might not look as intended
09-26 17:01:05 com_github_MitjaNemec_PlaceFootprints.place_footprints 450:Text of: C1 has property "Keep upright" rotation might not look as intended
09-26 17:01:05 com_github_MitjaNemec_PlaceFootprints.place_footprints 450:Text of: C1 has property "Keep upright" rotation might not look as intended
09-26 17:01:05 com_github_MitjaNemec_PlaceFootprints.place_footprints 450:Text of: C1 has property "Keep upright" rotation might not look as intended
09-26 17:01:05 com_github_MitjaNemec_PlaceFootprints.place_footprints 450:Text of: C1 has property "Keep upright" rotation might not look as intended
09-26 17:01:05 com_github_MitjaNemec_PlaceFootprints.place_footprints 450:Text of: C1 has property "Keep upright" rotation might not look as intended
09-26 17:01:05 com_github_MitjaNemec_PlaceFootprints.place_footprints 450:Text of: C1 has property "Keep upright" rotation might not look as intended
09-26 17:01:05 com_github_MitjaNemec_PlaceFootprints.place_footprints 450:Text of: C1 has property "Keep upright" rotation might not look as intended
09-26 17:01:05 com_github_MitjaNemec_PlaceFootprints.place_footprints 450:Text of: C1 has property "Keep upright" rotation might not look as intended
09-26 17:01:05 com_github_MitjaNemec_PlaceFootprints.place_footprints 450:Text of: C1 has property "Keep upright" rotation might not look as intended
09-26 17:01:05 com_github_MitjaNemec_PlaceFootprints.place_footprints 450:Text of: C1 has property "Keep upright" rotation might not look as intended
09-26 17:01:05 com_github_MitjaNemec_PlaceFootprints.place_footprints 450:Text of: C1 has property "Keep upright" rotation might not look as intended
09-26 17:01:05 com_github_MitjaNemec_PlaceFootprints.place_footprints 450:Text of: C1 has property "Keep upright" rotation might not look as intended
09-26 17:01:05 com_github_MitjaNemec_PlaceFootprints.place_footprints 450:Text of: C1 has property "Keep upright" rotation might not look as intended
09-26 17:01:05 com_github_MitjaNemec_PlaceFootprints.place_footprints 450:Text of: C1 has property "Keep upright" rotation might not look as intended
09-26 17:01:05 com_github_MitjaNemec_PlaceFootprints.place_footprints 450:Text of: C1 has property "Keep upright" rotation might not look as intended
09-26 17:01:05 com_github_MitjaNemec_PlaceFootprints.place_footprints 450:Text of: C1 has property "Keep upright" rotation might not look as intended
09-26 17:01:05 com_github_MitjaNemec_PlaceFootprints.place_footprints 450:Text of: C1 has property "Keep upright" rotation might not look as intended
09-26 17:01:05 com_github_MitjaNemec_PlaceFootprints.place_footprints 450:Text of: C1 has property "Keep upright" rotation might not look as intended
09-26 17:01:05 com_github_MitjaNemec_PlaceFootprints.place_footprints 450:Text of: C1 has property "Keep upright" rotation might not look as intended
09-26 17:01:05 com_github_MitjaNemec_PlaceFootprints.place_footprints 450:Text of: C1 has property "Keep upright" rotation might not look as intended
09-26 17:01:05 com_github_MitjaNemec_PlaceFootprints.place_footprints 450:Text of: C1 has property "Keep upright" rotation might not look as intended
09-26 17:01:05 com_github_MitjaNemec_PlaceFootprints.place_footprints 450:Text of: C1 has property "Keep upright" rotation might not look as intended
09-26 17:01:05 com_github_MitjaNemec_PlaceFootprints.place_footprints 450:Text of: C1 has property "Keep upright" rotation might not look as intended
09-26 17:01:05 com_github_MitjaNemec_PlaceFootprints.place_footprints 450:Text of: C1 has property "Keep upright" rotation might not look as intended
09-26 17:01:05 com_github_MitjaNemec_PlaceFootprints.place_footprints 450:Text of: C1 has property "Keep upright" rotation might not look as intended
09-26 17:01:05 com_github_MitjaNemec_PlaceFootprints.place_footprints 450:Text of: C1 has property "Keep upright" rotation might not look as intended
09-26 17:01:05 com_github_MitjaNemec_PlaceFootprints.place_footprints 450:Text of: C1 has property "Keep upright" rotation might not look as intended
09-26 17:01:05 com_github_MitjaNemec_PlaceFootprints.place_footprints 450:Text of: C1 has property "Keep upright" rotation might not look as intended
09-26 17:01:05 com_github_MitjaNemec_PlaceFootprints.place_footprints 450:Text of: C1 has property "Keep upright" rotation might not look as intended
09-26 17:01:05 com_github_MitjaNemec_PlaceFootprints.place_footprints 450:Text of: C1 has property "Keep upright" rotation might not look as intended
09-26 17:01:05 com_github_MitjaNemec_PlaceFootprints.place_footprints 450:Text of: C1 has property "Keep upright" rotation might not look as intended
09-26 17:01:05 com_github_MitjaNemec_PlaceFootprints.place_footprints 450:Text of: C1 has property "Keep upright" rotation might not look as intended
09-26 17:01:05 com_github_MitjaNemec_PlaceFootprints.place_footprints 450:Text of: C1 has property "Keep upright" rotation might not look as intended
09-26 17:01:05 com_github_MitjaNemec_PlaceFootprints.place_footprints 450:Text of: C1 has property "Keep upright" rotation might not look as intended
09-26 17:01:05 com_github_MitjaNemec_PlaceFootprints.place_footprints 450:Text of: C1 has property "Keep upright" rotation might not look as intended
09-26 17:01:05 com_github_MitjaNemec_PlaceFootprints.place_footprints 450:Text of: C1 has property "Keep upright" rotation might not look as intended
09-26 17:01:05 com_github_MitjaNemec_PlaceFootprints.place_footprints 450:Text of: C1 has property "Keep upright" rotation might not look as intended
09-26 17:01:05 com_github_MitjaNemec_PlaceFootprints.place_footprints 450:Text of: C1 has property "Keep upright" rotation might not look as intended
09-26 17:01:05 com_github_MitjaNemec_PlaceFootprints.place_footprints 450:Text of: C1 has property "Keep upright" rotation might not look as intended
09-26 17:01:05 com_github_MitjaNemec_PlaceFootprints.place_footprints 450:Text of: C1 has property "Keep upright" rotation might not look as intended
09-26 17:01:05 com_github_MitjaNemec_PlaceFootprints.place_footprints 450:Text of: C1 has property "Keep upright" rotation might not look as intended
09-26 17:01:05 com_github_MitjaNemec_PlaceFootprints.place_footprints 450:Text of: C1 has property "Keep upright" rotation might not look as intended
09-26 17:01:05 com_github_MitjaNemec_PlaceFootprints.place_footprints 450:Text of: C1 has property "Keep upright" rotation might not look as intended
09-26 17:01:05 com_github_MitjaNemec_PlaceFootprints.place_footprints 450:Text of: C1 has property "Keep upright" rotation might not look as intended
09-26 17:01:05 com_github_MitjaNemec_PlaceFootprints.action_place_footprints 916:Placing complete
